0 info it worked if it ends with ok
1 verbose cli [ '/Users/karelvervaeke/.nvm/versions/node/v6.4.0/bin/node',
1 verbose cli   '/Users/karelvervaeke/.nvm/versions/node/v6.4.0/bin/npm',
1 verbose cli   'start' ]
2 info using npm@3.10.3
3 info using node@v6.4.0
4 verbose run-script [ 'prestart', 'start', 'poststart' ]
5 info lifecycle calculator@1.0.0~prestart: calculator@1.0.0
6 silly lifecycle calculator@1.0.0~prestart: no script for prestart, continuing
7 info lifecycle calculator@1.0.0~start: calculator@1.0.0
8 verbose lifecycle calculator@1.0.0~start: unsafe-perm in lifecycle true
9 verbose lifecycle calculator@1.0.0~start: PATH: /Users/karelvervaeke/.nvm/versions/node/v6.4.0/lib/node_modules/npm/bin/node-gyp-bin:/Users/karelvervaeke/work/mediagenix/http-examples/calculator/node_modules/.bin:/Users/karelvervaeke/.nvm/versions/node/v6.4.0/bin:/usr/local/heroku/bin:/Users/karelvervaeke/.nvm/versions/node/v6.4.0/bin:/Users/karelvervaeke/bin:/usr/local/sbin:/usr/local/bin:/usr/sbin:/usr/bin:/sbin:/bin:/usr/games:/Users/karelvervaeke/Library/Python/2.7/bin:/Users/karelvervaeke/bin:/Users/karelvervaeke/opt/eclipse:/var/lib/gems/1.8/bin:/Users/karelvervaeke/bin:/usr/local/sbin:/usr/local/bin:/usr/sbin:/usr/bin:/sbin:/bin:/usr/games:/Users/karelvervaeke/Library/Python/2.7/bin:/Users/karelvervaeke/bin:/Users/karelvervaeke/opt/eclipse:/var/lib/gems/1.8/bin:/Users/karelvervaeke/opt/gradle-2.3/bin:/Users/karelvervaeke/opt/android-sdk-macosx/tools:/Users/karelvervaeke/opt/android-sdk-macosx/platform-tools:/opt/Scratch 2/bin:/Users/karelvervaeke/.local/bin:/Users/karelvervaeke/.rvm/bin
10 verbose lifecycle calculator@1.0.0~start: CWD: /Users/karelvervaeke/work/mediagenix/http-examples/calculator
11 silly lifecycle calculator@1.0.0~start: Args: [ '-c', 'node server.js' ]
12 silly lifecycle calculator@1.0.0~start: Returned: code: 1  signal: null
13 info lifecycle calculator@1.0.0~start: Failed to exec start script
14 verbose stack Error: calculator@1.0.0 start: `node server.js`
14 verbose stack Exit status 1
14 verbose stack     at EventEmitter.<anonymous> (/Users/karelvervaeke/.nvm/versions/node/v6.4.0/lib/node_modules/npm/lib/utils/lifecycle.js:242:16)
14 verbose stack     at emitTwo (events.js:106:13)
14 verbose stack     at EventEmitter.emit (events.js:191:7)
14 verbose stack     at ChildProcess.<anonymous> (/Users/karelvervaeke/.nvm/versions/node/v6.4.0/lib/node_modules/npm/lib/utils/spawn.js:40:14)
14 verbose stack     at emitTwo (events.js:106:13)
14 verbose stack     at ChildProcess.emit (events.js:191:7)
14 verbose stack     at maybeClose (internal/child_process.js:852:16)
14 verbose stack     at Process.ChildProcess._handle.onexit (internal/child_process.js:215:5)
15 verbose pkgid calculator@1.0.0
16 verbose cwd /Users/karelvervaeke/work/mediagenix/http-examples/calculator
17 error Darwin 16.4.0
18 error argv "/Users/karelvervaeke/.nvm/versions/node/v6.4.0/bin/node" "/Users/karelvervaeke/.nvm/versions/node/v6.4.0/bin/npm" "start"
19 error node v6.4.0
20 error npm  v3.10.3
21 error code ELIFECYCLE
22 error calculator@1.0.0 start: `node server.js`
22 error Exit status 1
23 error Failed at the calculator@1.0.0 start script 'node server.js'.
23 error Make sure you have the latest version of node.js and npm installed.
23 error If you do, this is most likely a problem with the calculator package,
23 error not with npm itself.
23 error Tell the author that this fails on your system:
23 error     node server.js
23 error You can get information on how to open an issue for this project with:
23 error     npm bugs calculator
23 error Or if that isn't available, you can get their info via:
23 error     npm owner ls calculator
23 error There is likely additional logging output above.
24 verbose exit [ 1, true ]
